build/app/intermediates/manifest_merge_blame_file/debug/manifest-merger-blame-debug-report.txt
1<?xml version="1.0" encoding="utf-8"?>
2<manifest xmlns:android="http://schemas.android.com/apk/res/android"
3    package="com.sixamtech.sixam_mart"
4    android:versionCode="1"
5    android:versionName="1.0.0" >
6
7    <uses-sdk
8        android:minSdkVersion="21"
9        android:targetSdkVersion="33" />
10    <!--
11         Flutter needs it to communicate with the running application
12         to allow setting breakpoints, to provide hot reload, etc.
13    -->
14    <uses-permission android:name="android.permission.INTERNET" />
14-->src\main\AndroidManifest.xml:8:5-66
14-->src\main\AndroidManifest.xml:8:22-64
15    <uses-permission android:name="android.permission.ACCESS_FINE_LOCATION" />
15-->src\main\AndroidManifest.xml:9:5-79
15-->src\main\AndroidManifest.xml:9:22-76
16    <uses-permission android:name="android.permission.ACCESS_COARSE_LOCATION" />
16-->src\main\AndroidManifest.xml:10:5-81
16-->src\main\AndroidManifest.xml:10:22-78
17
18    <queries>
18-->src\main\AndroidManifest.xml:12:5-25:15
19        <intent>
19-->src\main\AndroidManifest.xml:13:9-16:18
20            <action android:name="android.intent.action.VIEW" />
20-->src\main\AndroidManifest.xml:14:13-65
20-->src\main\AndroidManifest.xml:14:21-62
21
22            <data android:scheme="https" />
22-->src\main\AndroidManifest.xml:15:13-44
22-->src\main\AndroidManifest.xml:15:19-41
23        </intent>
24        <intent>
24-->src\main\AndroidManifest.xml:17:9-20:18
25            <action android:name="android.intent.action.DIAL" />
25-->src\main\AndroidManifest.xml:18:13-65
25-->src\main\AndroidManifest.xml:18:21-62
26
27            <data android:scheme="tel" />
27-->src\main\AndroidManifest.xml:15:13-44
27-->src\main\AndroidManifest.xml:15:19-41
28        </intent>
29        <intent>
29-->src\main\AndroidManifest.xml:21:9-24:18
30            <action android:name="android.intent.action.SEND" />
30-->src\main\AndroidManifest.xml:22:13-65
30-->src\main\AndroidManifest.xml:22:21-62
31
32            <data android:mimeType="*/*" />
32-->src\main\AndroidManifest.xml:15:13-44
33        </intent>
34        <intent>
34-->[:flutter_inappwebview] AndroidManifest.xml:10:9-12:18
35            <action android:name="android.support.customtabs.action.CustomTabsService" />
35-->[:flutter_inappwebview] AndroidManifest.xml:11:13-90
35-->[:flutter_inappwebview] AndroidManifest.xml:11:21-87
36        </intent> <!-- Needs to be explicitly declared on Android R+ -->
37        <package android:name="com.google.android.apps.maps" />
37-->[com.google.android.gms:play-services-maps:18.0.2] AndroidManifest.xml:33:9-64
37-->[com.google.android.gms:play-services-maps:18.0.2] AndroidManifest.xml:33:18-61
38        <package android:name="com.facebook.katana" />
38-->[com.facebook.android:facebook-common:16.0.1] AndroidManifest.xml:18:9-55
38-->[com.facebook.android:facebook-common:16.0.1] AndroidManifest.xml:18:18-52
39
40        <intent>
40-->[androidx.media2:media2-session:1.2.0] AndroidManifest.xml:25:9-27:18
41            <action android:name="android.media.browse.MediaBrowserService" />
41-->[androidx.media2:media2-session:1.2.0] AndroidManifest.xml:26:13-79
41-->[androidx.media2:media2-session:1.2.0] AndroidManifest.xml:26:21-76
42        </intent>
43        <intent>
43-->[androidx.media2:media2-session:1.2.0] AndroidManifest.xml:28:9-30:18
44            <action android:name="androidx.media2.session.MediaSessionService" />
44-->[androidx.media2:media2-session:1.2.0] AndroidManifest.xml:29:13-82
44-->[androidx.media2:media2-session:1.2.0] AndroidManifest.xml:29:21-79
45        </intent>
46        <intent>
46-->[androidx.media2:media2-session:1.2.0] AndroidManifest.xml:31:9-33:18
47            <action android:name="androidx.media2.session.MediaLibraryService" />
47-->[androidx.media2:media2-session:1.2.0] AndroidManifest.xml:32:13-82
47-->[androidx.media2:media2-session:1.2.0] AndroidManifest.xml:32:21-79
48        </intent>
49    </queries>
50
51    <uses-permission android:name="android.permission.WAKE_LOCK" />
51-->[:firebase_messaging] AndroidManifest.xml:10:5-68
51-->[:firebase_messaging] AndroidManifest.xml:10:22-65
52    <uses-permission android:name="android.permission.ACCESS_NETWORK_STATE" />
52-->[:firebase_messaging] AndroidManifest.xml:11:5-79
52-->[:firebase_messaging] AndroidManifest.xml:11:22-76
53    <uses-permission android:name="android.permission.FOREGROUND_SERVICE" />
53-->[:geolocator_android] AndroidManifest.xml:9:5-77
53-->[:geolocator_android] AndroidManifest.xml:9:22-74
54    <uses-permission android:name="android.permission.RECEIVE_BOOT_COMPLETED" />
54-->[:flutter_local_notifications] AndroidManifest.xml:9:5-81
54-->[:flutter_local_notifications] AndroidManifest.xml:9:22-78
55    <uses-permission android:name="android.permission.VIBRATE" />
55-->[:flutter_local_notifications] AndroidManifest.xml:10:5-66
55-->[:flutter_local_notifications] AndroidManifest.xml:10:22-63
56    <uses-permission android:name="android.permission.USE_FULL_SCREEN_INTENT" />
56-->[:flutter_local_notifications] AndroidManifest.xml:11:5-81
56-->[:flutter_local_notifications] AndroidManifest.xml:11:22-78
57    <uses-permission android:name="android.permission.SCHEDULE_EXACT_ALARM" />
57-->[:flutter_local_notifications] AndroidManifest.xml:12:5-79
57-->[:flutter_local_notifications] AndroidManifest.xml:12:22-76
58
59    <uses-feature
59-->[com.google.android.gms:play-services-maps:18.0.2] AndroidManifest.xml:26:5-28:35
60        android:glEsVersion="0x00020000"
60-->[com.google.android.gms:play-services-maps:18.0.2] AndroidManifest.xml:27:9-41
61        android:required="true" />
61-->[com.google.android.gms:play-services-maps:18.0.2] AndroidManifest.xml:28:9-32
62
63    <uses-permission android:name="android.permission.POST_NOTIFICATIONS" /> <!-- Required by older versions of Google Play services to create IID tokens -->
63-->[com.google.firebase:firebase-messaging:23.0.6] AndroidManifest.xml:26:5-77
63-->[com.google.firebase:firebase-messaging:23.0.6] AndroidManifest.xml:26:22-74
64    <uses-permission android:name="com.google.android.c2dm.permission.RECEIVE" />
64-->[com.google.firebase:firebase-messaging:23.0.6] AndroidManifest.xml:29:5-82
64-->[com.google.firebase:firebase-messaging:23.0.6] AndroidManifest.xml:29:22-79
65    <uses-permission android:name="com.google.android.gms.permission.AD_ID" />
65-->[com.facebook.android:facebook-core:16.0.1] AndroidManifest.xml:16:5-79
65-->[com.facebook.android:facebook-core:16.0.1] AndroidManifest.xml:16:22-76
66    <uses-permission android:name="com.google.android.finsky.permission.BIND_GET_INSTALL_REFERRER_SERVICE" />
66-->[com.android.installreferrer:installreferrer:1.0] AndroidManifest.xml:9:5-110
66-->[com.android.installreferrer:installreferrer:1.0] AndroidManifest.xml:9:22-107
67
68    <application
68-->src\main\AndroidManifest.xml:27:5-91:19
69        android:appComponentFactory="androidx.core.app.CoreComponentFactory"
69-->[androidx.core:core:1.8.0] AndroidManifest.xml:24:18-86
70        android:debuggable="true"
71        android:icon="@mipmap/ic_launcher"
71-->src\main\AndroidManifest.xml:31:9-43
72        android:label="Al Israa Pharmacy"
72-->src\main\AndroidManifest.xml:28:9-42
73        android:requestLegacyExternalStorage="true"
73-->src\main\AndroidManifest.xml:29:9-52
74        android:supportsRtl="true"
74-->[com.facebook.android:facebook-android-sdk:16.0.1] AndroidManifest.xml:16:18-44
75        android:usesCleartextTraffic="true" >
75-->src\main\AndroidManifest.xml:30:9-44
76        <meta-data
76-->src\main\AndroidManifest.xml:32:9-33:70
77            android:name="com.google.android.geo.API_KEY"
77-->src\main\AndroidManifest.xml:32:20-65
78            android:value="AIzaSyCaCSJ0BZItSyXqBv8vpD1N4WBffJeKhLQ" />
78-->src\main\AndroidManifest.xml:33:13-68
79
80        <activity
80-->src\main\AndroidManifest.xml:35:9-67:20
81            android:name="com.sixamtech.sixam_mart.MainActivity"
81-->src\main\AndroidManifest.xml:36:13-41
82            android:configChanges="orientation|keyboardHidden|keyboard|screenSize|smallestScreenSize|locale|layoutDirection|fontScale|screenLayout|density|uiMode"
82-->src\main\AndroidManifest.xml:39:13-163
83            android:exported="true"
83-->src\main\AndroidManifest.xml:41:13-36
84            android:hardwareAccelerated="true"
84-->src\main\AndroidManifest.xml:40:13-47
85            android:launchMode="singleTop"
85-->src\main\AndroidManifest.xml:37:13-43
86            android:theme="@style/LaunchTheme"
86-->src\main\AndroidManifest.xml:38:13-47
87            android:windowSoftInputMode="adjustResize" >
87-->src\main\AndroidManifest.xml:42:13-55
88
89            <!--
90                 Specifies an Android theme to apply to this Activity as soon as
91                 the Android process has started. This theme is visible to the user
92                 while the Flutter UI initializes. After that, this theme continues
93                 to determine the Window background behind the Flutter UI.
94            -->
95            <meta-data
95-->src\main\AndroidManifest.xml:47:13-50:17
96                android:name="io.flutter.embedding.android.NormalTheme"
96-->src\main\AndroidManifest.xml:48:15-70
97                android:resource="@style/NormalTheme" />
97-->src\main\AndroidManifest.xml:49:15-52
98            <!--
99                 Displays an Android View that continues showing the launch screen
100                 Drawable until Flutter paints its first frame, then this splash
101                 screen fades out. A splash screen is useful to avoid any visual
102                 gap between the end of Android's launch screen and the painting of
103                 Flutter's first frame.
104            -->
105            <meta-data
105-->src\main\AndroidManifest.xml:56:13-58:43
106                android:name="com.google.firebase.messaging.default_notification_channel_id"
106-->src\main\AndroidManifest.xml:57:17-93
107                android:value="6ammart" />
107-->src\main\AndroidManifest.xml:58:17-40
108
109            <intent-filter>
109-->src\main\AndroidManifest.xml:59:13-62:29
110                <action android:name="android.intent.action.MAIN" />
110-->src\main\AndroidManifest.xml:60:17-68
110-->src\main\AndroidManifest.xml:60:25-66
111
112                <category android:name="android.intent.category.LAUNCHER" />
112-->src\main\AndroidManifest.xml:61:17-76
112-->src\main\AndroidManifest.xml:61:27-74
113            </intent-filter>
114            <intent-filter>
114-->src\main\AndroidManifest.xml:63:13-66:29
115                <action android:name="FLUTTER_NOTIFICATION_CLICK" />
115-->src\main\AndroidManifest.xml:64:17-69
115-->src\main\AndroidManifest.xml:64:25-66
116
117                <category android:name="android.intent.category.DEFAULT" />
117-->src\main\AndroidManifest.xml:65:17-76
117-->src\main\AndroidManifest.xml:65:27-73
118            </intent-filter>
119        </activity>
120        <!--
121             Don't delete the meta-data below.
122             This is used by the Flutter tool to generate GeneratedPluginRegistrant.java
123        -->
124        <meta-data
124-->src\main\AndroidManifest.xml:70:9-72:33
125            android:name="flutterEmbedding"
125-->src\main\AndroidManifest.xml:71:13-44
126            android:value="2" />
126-->src\main\AndroidManifest.xml:72:13-30
127        <meta-data
127-->src\main\AndroidManifest.xml:74:9-107
128            android:name="com.facebook.sdk.ApplicationId"
128-->src\main\AndroidManifest.xml:74:20-65
129            android:value="@string/facebook_app_id" />
129-->src\main\AndroidManifest.xml:74:66-105
130        <meta-data
130-->src\main\AndroidManifest.xml:75:9-111
131            android:name="com.facebook.sdk.ClientToken"
131-->src\main\AndroidManifest.xml:75:20-63
132            android:value="@string/facebook_client_token" />
132-->src\main\AndroidManifest.xml:75:64-109
133
134        <activity
134-->src\main\AndroidManifest.xml:77:9-80:48
135            android:name="com.facebook.FacebookActivity"
135-->src\main\AndroidManifest.xml:77:19-63
136            android:configChanges="keyboard|keyboardHidden|screenLayout|screenSize|orientation"
136-->src\main\AndroidManifest.xml:78:13-113
137            android:label="@string/app_name"
137-->src\main\AndroidManifest.xml:80:13-45
138            android:theme="@style/com_facebook_activity_theme" />
138-->[com.facebook.android:facebook-common:16.0.1] AndroidManifest.xml:25:13-63
139        <activity
139-->src\main\AndroidManifest.xml:81:9-90:20
140            android:name="com.facebook.CustomTabActivity"
140-->src\main\AndroidManifest.xml:82:13-58
141            android:exported="true" >
141-->src\main\AndroidManifest.xml:83:13-36
142            <intent-filter>
142-->src\main\AndroidManifest.xml:84:13-89:29
143                <action android:name="android.intent.action.VIEW" />
143-->src\main\AndroidManifest.xml:14:13-65
143-->src\main\AndroidManifest.xml:14:21-62
144
145                <category android:name="android.intent.category.DEFAULT" />
145-->src\main\AndroidManifest.xml:65:17-76
145-->src\main\AndroidManifest.xml:65:27-73
146                <category android:name="android.intent.category.BROWSABLE" />
146-->src\main\AndroidManifest.xml:87:17-78
146-->src\main\AndroidManifest.xml:87:27-75
147
148                <data android:scheme="@string/fb_login_protocol_scheme" />
148-->src\main\AndroidManifest.xml:15:13-44
148-->src\main\AndroidManifest.xml:15:19-41
149            </intent-filter>
150            <intent-filter>
150-->[com.facebook.android:facebook-common:16.0.1] AndroidManifest.xml:31:13-40:29
151                <action android:name="android.intent.action.VIEW" />
151-->src\main\AndroidManifest.xml:14:13-65
151-->src\main\AndroidManifest.xml:14:21-62
152
153                <category android:name="android.intent.category.DEFAULT" />
153-->src\main\AndroidManifest.xml:65:17-76
153-->src\main\AndroidManifest.xml:65:27-73
154                <category android:name="android.intent.category.BROWSABLE" />
154-->src\main\AndroidManifest.xml:87:17-78
154-->src\main\AndroidManifest.xml:87:27-75
155
156                <data
156-->src\main\AndroidManifest.xml:15:13-44
157                    android:host="cct.com.sixamtech.sixam_mart"
158                    android:scheme="fbconnect" />
158-->src\main\AndroidManifest.xml:15:19-41
159            </intent-filter>
160        </activity>
161
162        <service
162-->[:firebase_messaging] AndroidManifest.xml:14:9-17:72
163            android:name="io.flutter.plugins.firebase.messaging.FlutterFirebaseMessagingBackgroundService"
163-->[:firebase_messaging] AndroidManifest.xml:15:13-107
164            android:exported="false"
164-->[:firebase_messaging] AndroidManifest.xml:16:13-37
165            android:permission="android.permission.BIND_JOB_SERVICE" />
165-->[:firebase_messaging] AndroidManifest.xml:17:13-69
166        <service
166-->[:firebase_messaging] AndroidManifest.xml:18:9-24:19
167            android:name="io.flutter.plugins.firebase.messaging.FlutterFirebaseMessagingService"
167-->[:firebase_messaging] AndroidManifest.xml:19:13-97
168            android:exported="false" >
168-->[:firebase_messaging] AndroidManifest.xml:20:13-37
169            <intent-filter>
169-->[:firebase_messaging] AndroidManifest.xml:21:13-23:29
170                <action android:name="com.google.firebase.MESSAGING_EVENT" />
170-->[:firebase_messaging] AndroidManifest.xml:22:17-78
170-->[:firebase_messaging] AndroidManifest.xml:22:25-75
171            </intent-filter>
172        </service>
173
174        <receiver
174-->[:firebase_messaging] AndroidManifest.xml:26:9-33:20
175            android:name="io.flutter.plugins.firebase.messaging.FlutterFirebaseMessagingReceiver"
175-->[:firebase_messaging] AndroidManifest.xml:27:13-98
176            android:exported="true"
176-->[:firebase_messaging] AndroidManifest.xml:28:13-36
177            android:permission="com.google.android.c2dm.permission.SEND" >
177-->[:firebase_messaging] AndroidManifest.xml:29:13-73
178            <intent-filter>
178-->[:firebase_messaging] AndroidManifest.xml:30:13-32:29
179                <action android:name="com.google.android.c2dm.intent.RECEIVE" />
179-->[:firebase_messaging] AndroidManifest.xml:31:17-81
179-->[:firebase_messaging] AndroidManifest.xml:31:25-78
180            </intent-filter>
181        </receiver>
182
183        <service
183-->[:firebase_messaging] AndroidManifest.xml:35:9-39:19
184            android:name="com.google.firebase.components.ComponentDiscoveryService"
184-->[:firebase_messaging] AndroidManifest.xml:35:18-89
185            android:directBootAware="true"
185-->[com.google.firebase:firebase-common:20.1.1] AndroidManifest.xml:35:13-43
186            android:exported="false" >
186-->[com.google.firebase:firebase-messaging:23.0.6] AndroidManifest.xml:55:13-37
187            <meta-data
187-->[:firebase_messaging] AndroidManifest.xml:36:13-38:85
188                android:name="com.google.firebase.components:io.flutter.plugins.firebase.messaging.FlutterFirebaseAppRegistrar"
188-->[:firebase_messaging] AndroidManifest.xml:37:17-128
189                android:value="com.google.firebase.components.ComponentRegistrar" />
189-->[:firebase_messaging] AndroidManifest.xml:38:17-82
190            <meta-data
190-->[:firebase_core] AndroidManifest.xml:11:13-13:85
191                android:name="com.google.firebase.components:io.flutter.plugins.firebase.core.FlutterFirebaseCoreRegistrar"
191-->[:firebase_core] AndroidManifest.xml:12:17-124
192                android:value="com.google.firebase.components.ComponentRegistrar" />
192-->[:firebase_core] AndroidManifest.xml:13:17-82
193            <meta-data
193-->[com.google.firebase:firebase-messaging:23.0.6] AndroidManifest.xml:56:13-58:85
194                android:name="com.google.firebase.components:com.google.firebase.messaging.FirebaseMessagingRegistrar"
194-->[com.google.firebase:firebase-messaging:23.0.6] AndroidManifest.xml:57:17-119
195                android:value="com.google.firebase.components.ComponentRegistrar" />
195-->[com.google.firebase:firebase-messaging:23.0.6] AndroidManifest.xml:58:17-82
196            <meta-data
196-->[com.google.firebase:firebase-datatransport:18.1.5] AndroidManifest.xml:28:13-30:85
197                android:name="com.google.firebase.components:com.google.firebase.datatransport.TransportRegistrar"
197-->[com.google.firebase:firebase-datatransport:18.1.5] AndroidManifest.xml:29:17-115
198                android:value="com.google.firebase.components.ComponentRegistrar" />
198-->[com.google.firebase:firebase-datatransport:18.1.5] AndroidManifest.xml:30:17-82
199            <meta-data
199-->[com.google.firebase:firebase-installations:17.0.1] AndroidManifest.xml:18:13-20:85
200                android:name="com.google.firebase.components:com.google.firebase.installations.FirebaseInstallationsRegistrar"
200-->[com.google.firebase:firebase-installations:17.0.1] AndroidManifest.xml:19:17-127
201                android:value="com.google.firebase.components.ComponentRegistrar" />
201-->[com.google.firebase:firebase-installations:17.0.1] AndroidManifest.xml:20:17-82
202        </service>
203
204        <provider
204-->[:firebase_messaging] AndroidManifest.xml:41:9-45:38
205            android:name="io.flutter.plugins.firebase.messaging.FlutterFirebaseMessagingInitProvider"
205-->[:firebase_messaging] AndroidManifest.xml:42:13-102
206            android:authorities="com.sixamtech.sixam_mart.flutterfirebasemessaginginitprovider"
206-->[:firebase_messaging] AndroidManifest.xml:43:13-88
207            android:exported="false"
207-->[:firebase_messaging] AndroidManifest.xml:44:13-37
208            android:initOrder="99" />
208-->[:firebase_messaging] AndroidManifest.xml:45:13-35
209
210        <service
210-->[:geolocator_android] AndroidManifest.xml:12:9-16:56
211            android:name="com.baseflow.geolocator.GeolocatorLocationService"
211-->[:geolocator_android] AndroidManifest.xml:13:13-77
212            android:enabled="true"
212-->[:geolocator_android] AndroidManifest.xml:14:13-35
213            android:exported="false"
213-->[:geolocator_android] AndroidManifest.xml:15:13-37
214            android:foregroundServiceType="location" />
214-->[:geolocator_android] AndroidManifest.xml:16:13-53
215
216        <receiver
216-->[:flutter_local_notifications] AndroidManifest.xml:15:9-17:40
217            android:name="com.dexterous.flutterlocalnotifications.ScheduledNotificationReceiver"
217-->[:flutter_local_notifications] AndroidManifest.xml:16:13-97
218            android:exported="false" />
218-->[:flutter_local_notifications] AndroidManifest.xml:17:13-37
219        <receiver
219-->[:flutter_local_notifications] AndroidManifest.xml:18:9-27:20
220            android:name="com.dexterous.flutterlocalnotifications.ScheduledNotificationBootReceiver"
220-->[:flutter_local_notifications] AndroidManifest.xml:19:13-101
221            android:exported="false" >
221-->[:flutter_local_notifications] AndroidManifest.xml:20:13-37
222            <intent-filter>
222-->[:flutter_local_notifications] AndroidManifest.xml:21:13-26:29
223                <action android:name="android.intent.action.BOOT_COMPLETED" />
223-->[:flutter_local_notifications] AndroidManifest.xml:22:17-79
223-->[:flutter_local_notifications] AndroidManifest.xml:22:25-76
224                <action android:name="android.intent.action.MY_PACKAGE_REPLACED" />
224-->[:flutter_local_notifications] AndroidManifest.xml:23:17-84
224-->[:flutter_local_notifications] AndroidManifest.xml:23:25-81
225                <action android:name="android.intent.action.QUICKBOOT_POWERON" />
225-->[:flutter_local_notifications] AndroidManifest.xml:24:17-82
225-->[:flutter_local_notifications] AndroidManifest.xml:24:25-79
226                <action android:name="com.htc.intent.action.QUICKBOOT_POWERON" />
226-->[:flutter_local_notifications] AndroidManifest.xml:25:17-82
226-->[:flutter_local_notifications] AndroidManifest.xml:25:25-79
227            </intent-filter>
228        </receiver>
229
230        <activity
230-->[:flutter_inappwebview] AndroidManifest.xml:16:9-20:47
231            android:name="com.pichillilorenzo.flutter_inappwebview.in_app_browser.InAppBrowserActivity"
231-->[:flutter_inappwebview] AndroidManifest.xml:17:13-104
232            android:configChanges="orientation|keyboardHidden|keyboard|screenSize|locale|layoutDirection|fontScale|screenLayout|density"
232-->[:flutter_inappwebview] AndroidManifest.xml:18:13-137
233            android:exported="false"
233-->[:flutter_inappwebview] AndroidManifest.xml:19:13-37
234            android:theme="@style/AppTheme" />
234-->[:flutter_inappwebview] AndroidManifest.xml:20:13-44
235        <activity
235-->[:flutter_inappwebview] AndroidManifest.xml:21:9-24:55
236            android:name="com.pichillilorenzo.flutter_inappwebview.chrome_custom_tabs.ChromeCustomTabsActivity"
236-->[:flutter_inappwebview] AndroidManifest.xml:22:13-112
237            android:exported="false"
237-->[:flutter_inappwebview] AndroidManifest.xml:23:13-37
238            android:theme="@style/ThemeTransparent" />
238-->[:flutter_inappwebview] AndroidManifest.xml:24:13-52
239        <activity
239-->[:flutter_inappwebview] AndroidManifest.xml:25:9-28:55
240            android:name="com.pichillilorenzo.flutter_inappwebview.chrome_custom_tabs.TrustedWebActivity"
240-->[:flutter_inappwebview] AndroidManifest.xml:26:13-106
241            android:exported="false"
241-->[:flutter_inappwebview] AndroidManifest.xml:27:13-37
242            android:theme="@style/ThemeTransparent" />
242-->[:flutter_inappwebview] AndroidManifest.xml:28:13-52
243        <activity
243-->[:flutter_inappwebview] AndroidManifest.xml:29:9-33:55
244            android:name="com.pichillilorenzo.flutter_inappwebview.chrome_custom_tabs.ChromeCustomTabsActivitySingleInstance"
244-->[:flutter_inappwebview] AndroidManifest.xml:30:13-126
245            android:exported="false"
245-->[:flutter_inappwebview] AndroidManifest.xml:31:13-37
246            android:launchMode="singleInstance"
246-->[:flutter_inappwebview] AndroidManifest.xml:32:13-48
247            android:theme="@style/ThemeTransparent" />
247-->[:flutter_inappwebview] AndroidManifest.xml:33:13-52
248        <activity
248-->[:flutter_inappwebview] AndroidManifest.xml:34:9-38:55
249            android:name="com.pichillilorenzo.flutter_inappwebview.chrome_custom_tabs.TrustedWebActivitySingleInstance"
249-->[:flutter_inappwebview] AndroidManifest.xml:35:13-120
250            android:exported="false"
250-->[:flutter_inappwebview] AndroidManifest.xml:36:13-37
251            android:launchMode="singleInstance"
251-->[:flutter_inappwebview] AndroidManifest.xml:37:13-48
252            android:theme="@style/ThemeTransparent" />
252-->[:flutter_inappwebview] AndroidManifest.xml:38:13-52
253
254        <receiver
254-->[:flutter_inappwebview] AndroidManifest.xml:40:9-43:40
255            android:name="com.pichillilorenzo.flutter_inappwebview.chrome_custom_tabs.ActionBroadcastReceiver"
255-->[:flutter_inappwebview] AndroidManifest.xml:41:13-111
256            android:enabled="true"
256-->[:flutter_inappwebview] AndroidManifest.xml:42:13-35
257            android:exported="false" />
257-->[:flutter_inappwebview] AndroidManifest.xml:43:13-37
258
259        <meta-data
259-->[:flutter_inappwebview] AndroidManifest.xml:45:9-47:36
260            android:name="io.flutter.embedded_views_preview"
260-->[:flutter_inappwebview] AndroidManifest.xml:46:13-61
261            android:value="true" />
261-->[:flutter_inappwebview] AndroidManifest.xml:47:13-33
262
263        <provider
263-->[:share_plus] AndroidManifest.xml:10:9-18:20
264            android:name="dev.fluttercommunity.plus.share.ShareFileProvider"
264-->[:share_plus] AndroidManifest.xml:11:13-77
265            android:authorities="com.sixamtech.sixam_mart.flutter.share_provider"
265-->[:share_plus] AndroidManifest.xml:12:13-74
266            android:exported="false"
266-->[:share_plus] AndroidManifest.xml:13:13-37
267            android:grantUriPermissions="true" >
267-->[:share_plus] AndroidManifest.xml:14:13-47
268            <meta-data
268-->[:share_plus] AndroidManifest.xml:15:13-17:68
269                android:name="android.support.FILE_PROVIDER_PATHS"
269-->[:share_plus] AndroidManifest.xml:16:17-67
270                android:resource="@xml/flutter_share_file_paths" />
270-->[:share_plus] AndroidManifest.xml:17:17-65
271        </provider>
272        <provider
272-->[:image_picker_android] AndroidManifest.xml:10:9-18:20
273            android:name="io.flutter.plugins.imagepicker.ImagePickerFileProvider"
273-->[:image_picker_android] AndroidManifest.xml:11:13-82
274            android:authorities="com.sixamtech.sixam_mart.flutter.image_provider"
274-->[:image_picker_android] AndroidManifest.xml:12:13-74
275            android:exported="false"
275-->[:image_picker_android] AndroidManifest.xml:13:13-37
276            android:grantUriPermissions="true" >
276-->[:image_picker_android] AndroidManifest.xml:14:13-47
277            <meta-data
277-->[:share_plus] AndroidManifest.xml:15:13-17:68
278                android:name="android.support.FILE_PROVIDER_PATHS"
278-->[:share_plus] AndroidManifest.xml:16:17-67
279                android:resource="@xml/flutter_image_picker_file_paths" />
279-->[:share_plus] AndroidManifest.xml:17:17-65
280        </provider>
281
282        <activity
282-->[:url_launcher_android] AndroidManifest.xml:10:9-13:74
283            android:name="io.flutter.plugins.urllauncher.WebViewActivity"
283-->[:url_launcher_android] AndroidManifest.xml:11:13-74
284            android:exported="false"
284-->[:url_launcher_android] AndroidManifest.xml:12:13-37
285            android:theme="@android:style/Theme.NoTitleBar.Fullscreen" />
285-->[:url_launcher_android] AndroidManifest.xml:13:13-71
286
287        <uses-library
287-->[androidx.window:window:1.0.0-beta04] AndroidManifest.xml:25:9-27:40
288            android:name="androidx.window.extensions"
288-->[androidx.window:window:1.0.0-beta04] AndroidManifest.xml:26:13-54
289            android:required="false" />
289-->[androidx.window:window:1.0.0-beta04] AndroidManifest.xml:27:13-37
290        <uses-library
290-->[androidx.window:window:1.0.0-beta04] AndroidManifest.xml:28:9-30:40
291            android:name="androidx.window.sidecar"
291-->[androidx.window:window:1.0.0-beta04] AndroidManifest.xml:29:13-51
292            android:required="false" /> <!-- Needs to be explicitly declared on P+ -->
292-->[androidx.window:window:1.0.0-beta04] AndroidManifest.xml:30:13-37
293        <uses-library
293-->[com.google.android.gms:play-services-maps:18.0.2] AndroidManifest.xml:39:9-41:40
294            android:name="org.apache.http.legacy"
294-->[com.google.android.gms:play-services-maps:18.0.2] AndroidManifest.xml:40:13-50
295            android:required="false" />
295-->[com.google.android.gms:play-services-maps:18.0.2] AndroidManifest.xml:41:13-37
296
297        <activity android:name="com.facebook.CustomTabMainActivity" />
297-->[com.facebook.android:facebook-common:16.0.1] AndroidManifest.xml:26:9-71
297-->[com.facebook.android:facebook-common:16.0.1] AndroidManifest.xml:26:19-68
298        <activity
298-->[com.google.android.gms:play-services-auth:20.0.1] AndroidManifest.xml:23:9-27:75
299            android:name="com.google.android.gms.auth.api.signin.internal.SignInHubActivity"
299-->[com.google.android.gms:play-services-auth:20.0.1] AndroidManifest.xml:24:13-93
300            android:excludeFromRecents="true"
300-->[com.google.android.gms:play-services-auth:20.0.1] AndroidManifest.xml:25:13-46
301            android:exported="false"
301-->[com.google.android.gms:play-services-auth:20.0.1] AndroidManifest.xml:26:13-37
302            android:theme="@android:style/Theme.Translucent.NoTitleBar" />
302-->[com.google.android.gms:play-services-auth:20.0.1] AndroidManifest.xml:27:13-72
303        <!--